#
# There is insufficient memory for the Java Runtime Environment to continue.
# Native memory allocation (mmap) failed to map 134217728 bytes for Failed to commit area from 0x0000000081c00000 to 0x0000000089c00000 of length 134217728.
# Possible reasons:
#   The system is out of physical RAM or swap space
#   The process is running with CompressedOops enabled, and the Java Heap may be blocking the growth of the native heap
# Possible solutions:
#   Reduce memory load on the system
#   Increase physical memory or swap space
#   Check if swap backing store is full
#   Decrease Java heap size (-Xmx/-Xms)
#   Decrease number of Java threads
#   Decrease Java thread stack sizes (-Xss)
#   Set larger code cache with -XX:ReservedCodeCacheSize=
# This output file may be truncated or incomplete.
#
#  Out of Memory Error (t:/workspace/hotspot/src/os/windows/vm/os_windows.cpp:3357), pid=23240, tid=23304
#
# JRE version:  (9.0+11) (build )
# Java VM: Java HotSpot(TM) 64-Bit Server VM (9.0.4+11, mixed mode, tiered, compressed oops, g1 gc, windows-amd64)
# No core dump will be written. Minidumps are not enabled by default on client versions of Windows
#

---------------  S U M M A R Y ------------

Command Line: -Dfile.encoding=Cp1252 com.chess.JChess

Host: Intel(R) Core(TM) i7-7700HQ CPU @ 2.80GHz, 8 cores, 7G,  Windows 10 , 64 bit Build 18362 (10.0.18362.329)
Time: Mon Dec 16 22:21:36 2019 India Standard Time elapsed time: 0 seconds (0d 0h 0m 0s)

---------------  T H R E A D  ---------------

Current thread (0x0000024029d21800):  JavaThread "Unknown thread" [_thread_in_vm, id=23304, stack(0x000000f82ea00000,0x000000f82eb00000)]

Stack: [0x000000f82ea00000,0x000000f82eb00000]
Native frames: (J=compiled Java code, j=interpreted, Vv=VM code, C=native code)
V  [jvm.dll+0x587068]
V  [jvm.dll+0x69c25e]
V  [jvm.dll+0x69d17a]
V  [jvm.dll+0x69d7b3]
V  [jvm.dll+0x21d198]
V  [jvm.dll+0x584bb4]
V  [jvm.dll+0x57a095]
V  [jvm.dll+0x2cd67b]
V  [jvm.dll+0x2cd5e3]
V  [jvm.dll+0x2cd4b2]
V  [jvm.dll+0x2cf4b3]
V  [jvm.dll+0x3191e3]
V  [jvm.dll+0x3198f6]
V  [jvm.dll+0x3192e3]
V  [jvm.dll+0x2adeb8]
V  [jvm.dll+0x2af0e7]
V  [jvm.dll+0x67b34d]
V  [jvm.dll+0x67c70c]
V  [jvm.dll+0x3269c9]
V  [jvm.dll+0x66555e]
V  [jvm.dll+0x391811]
V  [jvm.dll+0x3937c1]
C  [javaw.exe+0x3501]
C  [javaw.exe+0xe25f]
C  [javaw.exe+0xe406]
C  [KERNEL32.DLL+0x17bd4]
C  [ntdll.dll+0x6ced1]


---------------  P R O C E S S  ---------------

Java Threads: ( => current thread )

Other Threads:
  0x0000024029d3a800 GCTaskThread "GC Thread#0" [stack: 0x000000f82eb00000,0x000000f82ec00000] [id=23180]
  0x0000024029d3c000 GCTaskThread "GC Thread#1" [stack: 0x000000f82ec00000,0x000000f82ed00000] [id=23308]
  0x0000024029d3e000 GCTaskThread "GC Thread#2" [stack: 0x000000f82ed00000,0x000000f82ee00000] [id=23316]
  0x0000024029d41000 GCTaskThread "GC Thread#3" [stack: 0x000000f82ee00000,0x000000f82ef00000] [id=23320]
  0x0000024029d46000 GCTaskThread "GC Thread#4" [stack: 0x000000f82ef00000,0x000000f82f000000] [id=23332]
  0x0000024029d4a800 GCTaskThread "GC Thread#5" [stack: 0x000000f82f000000,0x000000f82f100000] [id=23328]
  0x0000024029d4b000 GCTaskThread "GC Thread#6" [stack: 0x000000f82f100000,0x000000f82f200000] [id=23344]
  0x0000024029d4d000 GCTaskThread "GC Thread#7" [stack: 0x000000f82f200000,0x000000f82f300000] [id=23348]
  0x000002404a773000 ConcurrentGCThread "G1 Main Marker" [stack: 0x000000f82fc00000,0x000000f82fd00000] [id=23336]
  0x0000024029d4d800 ConcurrentGCThread "G1 Marker#0" [stack: 0x000000f82fd00000,0x000000f82fe00000] [id=23356]
  0x0000024029d4f000 ConcurrentGCThread "G1 Marker#1" [stack: 0x000000f82fe00000,0x000000f82ff00000] [id=23412]
  0x0000024029d6b800 ConcurrentGCThread "G1 Refine#0" [stack: 0x000000f82fa00000,0x000000f82fb00000] [id=23312]
  0x0000024029d6e800 ConcurrentGCThread "G1 Refine#1" [stack: 0x000000f82f900000,0x000000f82fa00000] [id=23324]
  0x0000024029d70000 ConcurrentGCThread "G1 Refine#2" [stack: 0x000000f82f800000,0x000000f82f900000] [id=19608]
  0x0000024029d67800 ConcurrentGCThread "G1 Refine#3" [stack: 0x000000f82f700000,0x000000f82f800000] [id=22800]
  0x0000024029d5e000 ConcurrentGCThread "G1 Refine#4" [stack: 0x000000f82f600000,0x000000f82f700000] [id=22804]
  0x0000024029d59000 ConcurrentGCThread "G1 Refine#5" [stack: 0x000000f82f500000,0x000000f82f600000] [id=22820]
  0x0000024029d58000 ConcurrentGCThread "G1 Refine#6" [stack: 0x000000f82f400000,0x000000f82f500000] [id=22828]
  0x0000024029d57000 ConcurrentGCThread "G1 Refine#7" [stack: 0x000000f82f300000,0x000000f82f400000] [id=22824]
  0x0000024029d78800 ConcurrentGCThread "G1 Young RemSet Sampling" [stack: 0x000000f82fb00000,0x000000f82fc00000] [id=14080]

=>0x0000024029d21800 (exited) JavaThread "Unknown thread" [_thread_in_vm, id=23304, stack(0x000000f82ea00000,0x000000f82eb00000)]

Threads with active compile tasks:

VM state:not at safepoint (not fully initialized)

VM Mutex/Monitor currently owned by a thread:  ([mutex/lock_event])
[0x0000024029d1e690] Heap_lock - owner thread: 0x0000024029d21800

Heap address: 0x0000000081c00000, size: 2020 MB, Compressed Oops mode: Non-zero based: 0x0000000081c00000
Narrow klass base: 0x0000000000000000, Narrow klass shift: 0

GC Heap History (0 events):
No events

Deoptimization events (0 events):
No events

Classes redefined (0 events):
No events

Internal exceptions (0 events):
No events

Events (0 events):
No events


Dynamic libraries:
0x00007ff788df0000 - 0x00007ff788e2e000 	C:\Program Files\Java\jdk-9.0.4\bin\javaw.exe
0x00007ffa37180000 - 0x00007ffa37370000 	C:\WINDOWS\SYSTEM32\ntdll.dll
0x00007ffa35230000 - 0x00007ffa352e2000 	C:\WINDOWS\System32\KERNEL32.DLL
0x00007ffa34170000 - 0x00007ffa34413000 	C:\WINDOWS\System32\KERNELBASE.dll
0x00007ffa36a70000 - 0x00007ffa36b13000 	C:\WINDOWS\System32\ADVAPI32.dll
0x00007ffa35710000 - 0x00007ffa357ae000 	C:\WINDOWS\System32\msvcrt.dll
0x00007ffa35670000 - 0x00007ffa35707000 	C:\WINDOWS\System32\sechost.dll
0x00007ffa368f0000 - 0x00007ffa36a10000 	C:\WINDOWS\System32\RPCRT4.dll
0x00007ffa354d0000 - 0x00007ffa35664000 	C:\WINDOWS\System32\USER32.dll
0x00007ffa34e10000 - 0x00007ffa34e31000 	C:\WINDOWS\System32\win32u.dll
0x00007ffa36d40000 - 0x00007ffa36d66000 	C:\WINDOWS\System32\GDI32.dll
0x00007ffa34f40000 - 0x00007ffa350d4000 	C:\WINDOWS\System32\gdi32full.dll
0x00007ffa350e0000 - 0x00007ffa3517e000 	C:\WINDOWS\System32\msvcp_win.dll
0x00007ffa34e40000 - 0x00007ffa34f3a000 	C:\WINDOWS\System32\ucrtbase.dll
0x00007ffa2fb10000 - 0x00007ffa2fb1a000 	C:\WINDOWS\SYSTEM32\VERSION.dll
0x00007ffa27260000 - 0x00007ffa274e5000 	C:\WINDOWS\WinSxS\amd64_microsoft.windows.common-controls_6595b64144ccf1df_6.0.18362.535_none_e6c3b34713100821\COMCTL32.dll
0x00007ffa357b0000 - 0x00007ffa35ae6000 	C:\WINDOWS\System32\combase.dll
0x00007ffa35180000 - 0x00007ffa35200000 	C:\WINDOWS\System32\bcryptPrimitives.dll
0x00007ffa36e50000 - 0x00007ffa36e7e000 	C:\WINDOWS\System32\IMM32.DLL
0x00007ffa003b0000 - 0x00007ffa0049f000 	C:\Program Files\Java\jdk-9.0.4\bin\msvcr120.dll
0x00007ffa04c70000 - 0x00007ffa04d16000 	C:\Program Files\Java\jdk-9.0.4\bin\msvcp120.dll
0x000000005af30000 - 0x000000005b955000 	C:\Program Files\Java\jdk-9.0.4\bin\server\jvm.dll
0x00007ffa35450000 - 0x00007ffa35458000 	C:\WINDOWS\System32\PSAPI.DLL
0x00007ffa320a0000 - 0x00007ffa320c4000 	C:\WINDOWS\SYSTEM32\WINMM.dll
0x00007ffa308d0000 - 0x00007ffa308d9000 	C:\WINDOWS\SYSTEM32\WSOCK32.dll
0x00007ffa36de0000 - 0x00007ffa36e4f000 	C:\WINDOWS\System32\WS2_32.dll
0x00007ffa32070000 - 0x00007ffa3209d000 	C:\WINDOWS\SYSTEM32\WINMMBASE.dll
0x00007ffa34d10000 - 0x00007ffa34d5a000 	C:\WINDOWS\System32\cfgmgr32.dll
0x00007ffa2fe50000 - 0x00007ffa2fe5f000 	C:\Program Files\Java\jdk-9.0.4\bin\verify.dll
0x00007ffa2b900000 - 0x00007ffa2b927000 	C:\Program Files\Java\jdk-9.0.4\bin\java.dll
0x00007ffa2b840000 - 0x00007ffa2b856000 	C:\Program Files\Java\jdk-9.0.4\bin\zip.dll
0x00007ffa2fca0000 - 0x00007ffa2fcaa000 	C:\Program Files\Java\jdk-9.0.4\bin\jimage.dll
0x00007ffa20ae0000 - 0x00007ffa20cd4000 	C:\WINDOWS\SYSTEM32\dbghelp.dll

VM Arguments:
jvm_args: -Dfile.encoding=Cp1252 
java_command: com.chess.JChess
java_class_path (initial): C:\Users\BLANK\eclipse-workspace\JChess\bin
Launcher Type: SUN_STANDARD

Logging:
Log output configuration:
#0: stdout all=warning uptime,level,tags
#1: stderr all=off uptime,level,tags

Environment Variables:
JAVA_HOME=C:\Program Files\Java\jdk-9.0.4
PATH=C:/Program Files/Java/jdk-9.0.4/bin/server;C:/Program Files/Java/jdk-9.0.4/bin;C:\Program Files\Java\jdk-9.0.4\bin;C:\Program Files (x86)\Intel\iCLS Client\;C:\Program Files\Intel\iCLS Client\;C:\Windows\system32;C:\Windows;C:\Windows\System32\Wbem;C:\Windows\System32\WindowsPowerShell\v1.0\;C:\Program Files (x86)\Intel\Intel(R) Management Engine Components\DAL;C:\Program Files\Intel\Intel(R) Management Engine Components\DAL;C:\Program Files (x86)\Intel\Intel(R) Management Engine Components\IPT;C:\Program Files\Intel\Intel(R) Management Engine Components\IPT;C:\Program Files (x86)\NVIDIA Corporation\PhysX\Common;C:\Android;C:\WINDOWS\system32;C:\WINDOWS;C:\WINDOWS\System32\Wbem;C:\WINDOWS\System32\WindowsPowerShell\v1.0\;C:\TDM-GCC-64\bin;C:\WINDOWS\System32\OpenSSH\;C:\Program Files\Git\cmd;C:\Users\BLANK\Anaconda3;C:\Users\BLANK\Anaconda3\Library\mingw-w64\bin;C:\Users\BLANK\Anaconda3\Library\usr\bin;C:\Users\BLANK\Anaconda3\Library\bin;C:\Users\BLANK\Anaconda3\Scripts;C:\Users\BLANK\AppData\Local\Microsoft\WindowsApps;C:\Users\BLANK\AppData\Local\Programs\Microsoft VS Code\bin;;C:\WINDOWS\system32;
USERNAME=Blank
OS=Windows_NT
PROCESSOR_IDENTIFIER=Intel64 Family 6 Model 158 Stepping 9, GenuineIntel



---------------  S Y S T E M  ---------------

OS: Windows 10 , 64 bit Build 18362 (10.0.18362.329)

CPU:total 8 (initial active 8) (4 cores per cpu, 2 threads per core) family 6 model 158 stepping 9, cmov, cx8, fxsr, mmx, sse, sse2, sse3, ssse3, sse4.1, sse4.2, popcnt, avx, avx2, aes, clmul, erms, 3dnowpref, lzcnt, ht, tsc, tscinvbit, bmi1, bmi2, adx, fma

Memory: 4k page, physical 8269412k(2060576k free), swap 23726092k(38960k free)

vm_info: Java HotSpot(TM) 64-Bit Server VM (9.0.4+11) for windows-amd64 JRE (9.0.4+11), built on Dec 20 2017 02:18:54 by "mach5one" with MS VC++ 12.0 (VS2013)

END.
